<?xml version="1.0" ?>
<coverage version="7.1.0" timestamp="1675398860467" lines-valid="164" lines-covered="23" line-rate="0.1402" branches-valid="8" branches-covered="2" branch-rate="0.25" complexity="0">
	<!-- Generated by coverage.py: https://coverage.readthedocs.io -->
	<!-- Based on https://raw.githubusercontent.com/cobertura/web/master/htdocs/xml/coverage-04.dtd -->
	<sources>
		<source>C:\Users\DrPoom\Documents\GitHub\MUIC\ICCS372 Software Engineering\homework-1\tests</source>
	</sources>
	<packages>
		<package name="." line-rate="0.1402" branch-rate="0.25" complexity="0">
			<classes>
				<class name="test_api_add_product_stock.py" filename="test_api_add_product_stock.py" complexity="0" line-rate="1" branch-rate="1">
					<methods/>
					<lines>
						<line number="3" hits="1"/>
						<line number="5" hits="1"/>
						<line number="6" hits="1"/>
						<line number="9" hits="1"/>
						<line number="12" hits="1"/>
						<line number="13" hits="1"/>
						<line number="14" hits="1"/>
						<line number="15" hits="1"/>
						<line number="20" hits="1"/>
						<line number="22" hits="1"/>
						<line number="23" hits="1"/>
						<line number="30" hits="1"/>
						<line number="37" hits="1"/>
						<line number="39" hits="1"/>
						<line number="40" hits="1"/>
						<line number="47" hits="1"/>
						<line number="54" hits="1"/>
						<line number="55" hits="1"/>
						<line number="56" hits="1"/>
						<line number="57" hits="1"/>
						<line number="58" hits="1" branch="true" condition-coverage="100% (2/2)"/>
						<line number="64" hits="1"/>
						<line number="65" hits="1"/>
					</lines>
				</class>
				<class name="test_api_add_vending_machine.py" filename="test_api_add_vending_machine.py" complexity="0" line-rate="0" branch-rate="0">
					<methods/>
					<lines>
						<line number="3" hits="0"/>
						<line number="5" hits="0"/>
						<line number="6" hits="0"/>
						<line number="9" hits="0"/>
						<line number="12" hits="0"/>
						<line number="13" hits="0"/>
						<line number="14" hits="0"/>
						<line number="15" hits="0"/>
						<line number="20" hits="0"/>
						<line number="22" hits="0"/>
						<line number="23" hits="0"/>
						<line number="30" hits="0"/>
						<line number="32" hits="0"/>
						<line number="33" hits="0"/>
						<line number="40" hits="0"/>
						<line number="41" hits="0"/>
						<line number="42" hits="0"/>
						<line number="43" hits="0"/>
						<line number="44" hits="0" branch="true" condition-coverage="0% (0/2)" missing-branches="exit,50"/>
						<line number="50" hits="0"/>
						<line number="51" hits="0"/>
					</lines>
				</class>
				<class name="test_api_delete_product_stock.py" filename="test_api_delete_product_stock.py" complexity="0" line-rate="0" branch-rate="1">
					<methods/>
					<lines>
						<line number="3" hits="0"/>
						<line number="5" hits="0"/>
						<line number="6" hits="0"/>
						<line number="9" hits="0"/>
						<line number="12" hits="0"/>
						<line number="13" hits="0"/>
						<line number="14" hits="0"/>
						<line number="15" hits="0"/>
						<line number="20" hits="0"/>
						<line number="22" hits="0"/>
						<line number="23" hits="0"/>
						<line number="30" hits="0"/>
						<line number="37" hits="0"/>
						<line number="38" hits="0"/>
						<line number="40" hits="0"/>
						<line number="41" hits="0"/>
						<line number="48" hits="0"/>
						<line number="55" hits="0"/>
						<line number="56" hits="0"/>
						<line number="57" hits="0"/>
						<line number="58" hits="0"/>
						<line number="59" hits="0"/>
						<line number="60" hits="0"/>
						<line number="65" hits="0"/>
						<line number="66" hits="0"/>
						<line number="67" hits="0"/>
						<line number="68" hits="0"/>
						<line number="69" hits="0"/>
						<line number="70" hits="0"/>
						<line number="71" hits="0"/>
					</lines>
				</class>
				<class name="test_api_delete_vending_machine.py" filename="test_api_delete_vending_machine.py" complexity="0" line-rate="0" branch-rate="1">
					<methods/>
					<lines>
						<line number="3" hits="0"/>
						<line number="5" hits="0"/>
						<line number="6" hits="0"/>
						<line number="9" hits="0"/>
						<line number="12" hits="0"/>
						<line number="13" hits="0"/>
						<line number="14" hits="0"/>
						<line number="15" hits="0"/>
						<line number="20" hits="0"/>
						<line number="22" hits="0"/>
						<line number="23" hits="0"/>
						<line number="30" hits="0"/>
						<line number="31" hits="0"/>
						<line number="33" hits="0"/>
						<line number="34" hits="0"/>
						<line number="41" hits="0"/>
						<line number="42" hits="0"/>
						<line number="43" hits="0"/>
						<line number="44" hits="0"/>
						<line number="45" hits="0"/>
						<line number="46" hits="0"/>
						<line number="48" hits="0"/>
						<line number="49" hits="0"/>
						<line number="56" hits="0"/>
						<line number="57" hits="0"/>
						<line number="58" hits="0"/>
						<line number="59" hits="0"/>
						<line number="60" hits="0"/>
					</lines>
				</class>
				<class name="test_api_update_product_stock.py" filename="test_api_update_product_stock.py" complexity="0" line-rate="0" branch-rate="0">
					<methods/>
					<lines>
						<line number="3" hits="0"/>
						<line number="5" hits="0"/>
						<line number="6" hits="0"/>
						<line number="9" hits="0"/>
						<line number="12" hits="0"/>
						<line number="13" hits="0"/>
						<line number="14" hits="0"/>
						<line number="15" hits="0"/>
						<line number="20" hits="0"/>
						<line number="22" hits="0"/>
						<line number="23" hits="0"/>
						<line number="30" hits="0"/>
						<line number="37" hits="0"/>
						<line number="43" hits="0"/>
						<line number="45" hits="0"/>
						<line number="46" hits="0"/>
						<line number="53" hits="0"/>
						<line number="60" hits="0"/>
						<line number="66" hits="0"/>
						<line number="67" hits="0"/>
						<line number="68" hits="0"/>
						<line number="69" hits="0"/>
						<line number="70" hits="0" branch="true" condition-coverage="0% (0/2)" missing-branches="exit,76"/>
						<line number="76" hits="0"/>
						<line number="77" hits="0"/>
						<line number="82" hits="0"/>
						<line number="83" hits="0"/>
						<line number="89" hits="0"/>
						<line number="90" hits="0"/>
						<line number="91" hits="0"/>
						<line number="92" hits="0"/>
						<line number="93" hits="0"/>
					</lines>
				</class>
				<class name="test_api_update_vending_machine.py" filename="test_api_update_vending_machine.py" complexity="0" line-rate="0" branch-rate="0">
					<methods/>
					<lines>
						<line number="3" hits="0"/>
						<line number="5" hits="0"/>
						<line number="6" hits="0"/>
						<line number="9" hits="0"/>
						<line number="12" hits="0"/>
						<line number="13" hits="0"/>
						<line number="14" hits="0"/>
						<line number="15" hits="0"/>
						<line number="20" hits="0"/>
						<line number="22" hits="0"/>
						<line number="23" hits="0"/>
						<line number="30" hits="0"/>
						<line number="37" hits="0"/>
						<line number="39" hits="0"/>
						<line number="40" hits="0"/>
						<line number="47" hits="0"/>
						<line number="54" hits="0"/>
						<line number="55" hits="0"/>
						<line number="56" hits="0"/>
						<line number="57" hits="0"/>
						<line number="58" hits="0" branch="true" condition-coverage="0% (0/2)" missing-branches="exit,64"/>
						<line number="64" hits="0"/>
						<line number="65" hits="0"/>
						<line number="67" hits="0"/>
						<line number="68" hits="0"/>
						<line number="75" hits="0"/>
						<line number="76" hits="0"/>
						<line number="77" hits="0"/>
						<line number="78" hits="0"/>
						<line number="79" hits="0"/>
					</lines>
				</class>
			</classes>
		</package>
	</packages>
</coverage>
